Using pre-set license
Built from '2021.1/staging' branch; Version is '2021.1.15f1 (e767a7370072) revision 15165351'; Using compiler version '192528614'; Build Type 'Release'
OS: 'Windows 10 Home Single Language; OS build 19043.1165; Version 2009; 64bit' Language: 'es' Physical Memory: 8029 MB
BatchMode: 1, IsHumanControllingUs: 0, StartBugReporterOnCrash: 0, Is64bit: 1, IsPro: 0

 COMMAND LINE ARGUMENTS:
C:\Program Files\Unity\Hub\Editor\2021.1.15f1\Editor\Unity.exe
-adb2
-batchMode
-noUpm
-name
AssetImportWorker4
-projectPath
C:/Users/Alejandro/Downloads/AlienGame---Arboleda-main
-logFile
Logs/AssetImportWorker4.log
-srvPort
60655
Successfully changed project path to: C:/Users/Alejandro/Downloads/AlienGame---Arboleda-main
C:/Users/Alejandro/Downloads/AlienGame---Arboleda-main
Using Asset Import Pipeline V2.
Refreshing native plugins compatible for Editor in 92.23 ms, found 4 plugins.
Preloading 0 native plugins for Editor in 0.00 ms.
Initialize engine version: 2021.1.15f1 (e767a7370072)
[Subsystems] Discovering subsystems at path C:/Program Files/Unity/Hub/Editor/2021.1.15f1/Editor/Data/Resources/UnitySubsystems
[Subsystems] Discovering subsystems at path C:/Users/Alejandro/Downloads/AlienGame---Arboleda-main/Assets
GfxDevice: creating device client; threaded=0; jobified=0
Direct3D:
    Version:  Direct3D 11.0 [level 11.1]
    Renderer: NVIDIA GeForce GTX 1650 (ID=0x1f91)
    Vendor:   NVIDIA
    VRAM:     3962 MB
    Driver:   30.0.14.7111
Initialize mono
Mono path[0] = 'C:/Program Files/Unity/Hub/Editor/2021.1.15f1/Editor/Data/Managed'
Mono path[1] = 'C:/Program Files/Unity/Hub/Editor/2021.1.15f1/Editor/Data/MonoBleedingEdge/lib/mono/unityjit'
Mono config path = 'C:/Program Files/Unity/Hub/Editor/2021.1.15f1/Editor/Data/MonoBleedingEdge/etc'
Using monoOptions --debugger-agent=transport=dt_socket,embedding=1,server=y,suspend=n,address=127.0.0.1:56056
Begin MonoManager ReloadAssembly
Registering precompiled unity dll's ...
Register platform support module: C:/Program Files/Unity/Hub/Editor/2021.1.15f1/Editor/Data/PlaybackEngines/WebGLSupport/UnityEditor.WebGL.Extensions.dll
Register platform support module: C:/Program Files/Unity/Hub/Editor/2021.1.15f1/Editor/Data/PlaybackEngines/WindowsStandaloneSupport/UnityEditor.WindowsStandalone.Extensions.dll
Registered in 0.001973 seconds.
Native extension for WindowsStandalone target not found
Native extension for WebGL target not found
Refreshing native plugins compatible for Editor in 90.57 ms, found 4 plugins.
Preloading 0 native plugins for Editor in 0.00 ms.
Mono: successfully reloaded assembly
- Completed reload, in  1.221 seconds
Domain Reload Profiling:
	ReloadAssembly (1222ms)
		BeginReloadAssembly (49ms)
			ExecutionOrderSort (0ms)
			DisableScriptedObjects (0ms)
			BackupInstance (0ms)
			ReleaseScriptingObjects (0ms)
			CreateAndSetChildDomain (1ms)
		EndReloadAssembly (451ms)
			LoadAssemblies (47ms)
			RebuildTransferFunctionScriptingTraits (0ms)
			SetupTypeCache (160ms)
			ReleaseScriptCaches (0ms)
			RebuildScriptCaches (29ms)
			SetupLoadedEditorAssemblies (217ms)
				LogAssemblyErrors (0ms)
				InitializePlatformSupportModulesInManaged (6ms)
				SetLoadedEditorAssemblies (0ms)
				RefreshPlugins (91ms)
				BeforeProcessingInitializeOnLoad (1ms)
				ProcessInitializeOnLoadAttributes (91ms)
				ProcessInitializeOnLoadMethodAttributes (27ms)
				AfterProcessingInitializeOnLoad (0ms)
				EditorAssembliesLoaded (0ms)
			ExecutionOrderSort2 (0ms)
			AwakeInstancesAfterBackupRestoration (0ms)
Platform modules already initialized, skipping
Registering precompiled user dll's ...
Registered in 0.005160 seconds.
Begin MonoManager ReloadAssembly
Symbol file LoadedFromMemory doesn't match image C:\Users\Alejandro\Downloads\AlienGame---Arboleda-main\Library\PackageCache\com.unity.visualscripting@1.6.1\Editor\VisualScripting.Core\Dependencies\YamlDotNet\Unity.VisualScripting.YamlDotNet.dll
Symbol file LoadedFromMemory doesn't match image C:\Users\Alejandro\Downloads\AlienGame---Arboleda-main\Library\PackageCache\com.unity.visualscripting@1.6.1\Editor\VisualScripting.Core\Dependencies\DotNetZip\Unity.VisualScripting.IonicZip.dll
Native extension for WindowsStandalone target not found
Native extension for WebGL target not found
Refreshing native plugins compatible for Editor in 116.89 ms, found 4 plugins.
Preloading 0 native plugins for Editor in 0.00 ms.
Mono: successfully reloaded assembly
- Completed reload, in  2.375 seconds
Domain Reload Profiling:
	ReloadAssembly (2376ms)
		BeginReloadAssembly (136ms)
			ExecutionOrderSort (0ms)
			DisableScriptedObjects (4ms)
			BackupInstance (0ms)
			ReleaseScriptingObjects (0ms)
			CreateAndSetChildDomain (17ms)
		EndReloadAssembly (1807ms)
			LoadAssemblies (822ms)
			RebuildTransferFunctionScriptingTraits (0ms)
			SetupTypeCache (338ms)
			ReleaseScriptCaches (1ms)
			RebuildScriptCaches (51ms)
			SetupLoadedEditorAssemblies (472ms)
				LogAssemblyErrors (0ms)
				InitializePlatformSupportModulesInManaged (4ms)
				SetLoadedEditorAssemblies (0ms)
				RefreshPlugins (117ms)
				BeforeProcessingInitializeOnLoad (105ms)
				ProcessInitializeOnLoadAttributes (225ms)
				ProcessInitializeOnLoadMethodAttributes (14ms)
				AfterProcessingInitializeOnLoad (6ms)
				EditorAssembliesLoaded (0ms)
			ExecutionOrderSort2 (0ms)
			AwakeInstancesAfterBackupRestoration (6ms)
Platform modules already initialized, skipping
========================================================================
Worker process is ready to serve import requests
Launched and connected shader compiler UnityShaderCompiler.exe after 0.41 seconds
Refreshing native plugins compatible for Editor in 0.67 ms, found 4 plugins.
Preloading 0 native plugins for Editor in 0.00 ms.
Unloading 3686 Unused Serialized files (Serialized files now loaded: 0)
System memory in use before: 138.7 MB.
System memory in use after: 139.0 MB.

Unloading 32 unused Assets to reduce memory usage. Loaded Objects now: 4135.
Total: 464.589600 ms (FindLiveObjects: 0.280000 ms CreateObjectMapping: 0.149300 ms MarkObjects: 464.074500 ms  DeleteObjects: 0.083700 ms)

AssetImportParameters requested are different than current active one (requested -> active):
  custom:framework-win-MediaFoundation: 216162199b28c13a410421893ffa2e32 -> 
  custom:video-decoder-ogg-theora: a1e56fd34408186e4bbccfd4996cb3dc -> 
  custom:container-muxer-webm: aa71ff27fc2769a1b78a27578f13a17b -> 
  custom:container-demuxer-webm: 4f35f7cbe854078d1ac9338744f61a02 -> 
  custom:container-demuxer-ogg: 62fdf1f143b41e24485cea50d1cbac27 -> 
  custom:video-encoder-webm-vp8: eb34c28f22e8b96e1ab97ce403110664 -> 
  custom:video-decoder-webm-vp8: 9c59270c3fd7afecdb556c50c9e8de78 -> 
  custom:audio-decoder-ogg-vorbis: bf7c407c2cedff20999df2af8eb42d56 -> 
  custom:audio-encoder-webm-vorbis: bf7c407c2cedff20999df2af8eb42d56 -> 
========================================================================
Received Import Request.
  path: Assets/pelota.physicsMaterial2D
  artifactKey: Guid(521bc5bde7b0d4a78ae1b45ac5938cd3) Importer(815301076,1909f56bfc062723c751e8b465ee728b)
Start importing Assets/pelota.physicsMaterial2D using Guid(521bc5bde7b0d4a78ae1b45ac5938cd3) Importer(815301076,1909f56bfc062723c751e8b465ee728b)  -> (artifact id: '680e38b6d4d82a88078d5e9164b89260') in 0.077017 seconds 
========================================================================
Received Import Request.
  Time since last request: 4487.046633 seconds.
  path: Assets/prefabs/bullet 2.prefab
  artifactKey: Guid(ee936ef7cfeac42a98d98fe8e2df23c6) Importer(815301076,1909f56bfc062723c751e8b465ee728b)
Start importing Assets/prefabs/bullet 2.prefab using Guid(ee936ef7cfeac42a98d98fe8e2df23c6) Importer(815301076,1909f56bfc062723c751e8b465ee728b)  -> (artifact id: 'a4e4b997b339cb3bd70e5edb4a642008') in 0.695493 seconds 
========================================================================
Received Import Request.
  Time since last request: 0.000223 seconds.
  path: Assets/prefabs/GameManager.prefab
  artifactKey: Guid(776007b32233b427bb65e0254f83837b) Importer(815301076,1909f56bfc062723c751e8b465ee728b)
Start importing Assets/prefabs/GameManager.prefab using Guid(776007b32233b427bb65e0254f83837b) Importer(815301076,1909f56bfc062723c751e8b465ee728b)  -> (artifact id: '34e2ed49ec49aa5ff1ff338a64d238be') in 0.008275 seconds 
========================================================================
Received Import Request.
  Time since last request: 0.000509 seconds.
  path: Assets/prefabs/wolf.prefab
  artifactKey: Guid(62903fc9002df49eba5e2099a4739639) Importer(815301076,1909f56bfc062723c751e8b465ee728b)
Start importing Assets/prefabs/wolf.prefab using Guid(62903fc9002df49eba5e2099a4739639) Importer(815301076,1909f56bfc062723c751e8b465ee728b)  -> (artifact id: '6dde6f56df2c39c424e1fad06d9d31d1') in 0.033748 seconds 
========================================================================
Received Import Request.
  Time since last request: 0.000264 seconds.
  path: Assets/prefabs/chicken.prefab
  artifactKey: Guid(5de0e8e1fb30c4cb9a3e33d88ec6f1f7) Importer(815301076,1909f56bfc062723c751e8b465ee728b)
Start importing Assets/prefabs/chicken.prefab using Guid(5de0e8e1fb30c4cb9a3e33d88ec6f1f7) Importer(815301076,1909f56bfc062723c751e8b465ee728b)  -> (artifact id: '9488b46105f71ace19f25eecf5281851') in 0.010089 seconds 
========================================================================
Received Import Request.
  Time since last request: 0.000285 seconds.
  path: Assets/prefabs/bullet.prefab
  artifactKey: Guid(e2cef46308f9b44ccaf3d9e14f97782e) Importer(815301076,1909f56bfc062723c751e8b465ee728b)
Start importing Assets/prefabs/bullet.prefab using Guid(e2cef46308f9b44ccaf3d9e14f97782e) Importer(815301076,1909f56bfc062723c751e8b465ee728b)  -> (artifact id: 'eaf546389d5d9f611b8be6fc6f078480') in 0.012971 seconds 
========================================================================
Received Import Request.
  Time since last request: 0.000282 seconds.
  path: Assets/prefabs/cow.prefab
  artifactKey: Guid(db8d1e340995049d0984840af55368df) Importer(815301076,1909f56bfc062723c751e8b465ee728b)
Start importing Assets/prefabs/cow.prefab using Guid(db8d1e340995049d0984840af55368df) Importer(815301076,1909f56bfc062723c751e8b465ee728b)  -> (artifact id: '5961631f01afca76b9532811f3845503') in 0.015102 seconds 
========================================================================
Received Import Request.
  Time since last request: 3.049428 seconds.
  path: Assets/Scenes/menu.unity
  artifactKey: Guid(1cf0186f59bc24b6ca0e3493d04ef3a5) Importer(815301076,1909f56bfc062723c751e8b465ee728b)
Start importing Assets/Scenes/menu.unity using Guid(1cf0186f59bc24b6ca0e3493d04ef3a5) Importer(815301076,1909f56bfc062723c751e8b465ee728b)  -> (artifact id: '759d348d0b2dbba8e4fdf817769ce92b') in 0.005215 seconds 
========================================================================
Received Prepare
Registering precompiled user dll's ...
Registered in 0.005159 seconds.
Begin MonoManager ReloadAssembly
Symbol file LoadedFromMemory doesn't match image C:\Users\Alejandro\Downloads\AlienGame---Arboleda-main\Library\PackageCache\com.unity.visualscripting@1.6.1\Editor\VisualScripting.Core\Dependencies\YamlDotNet\Unity.VisualScripting.YamlDotNet.dll
Symbol file LoadedFromMemory doesn't match image C:\Users\Alejandro\Downloads\AlienGame---Arboleda-main\Library\PackageCache\com.unity.visualscripting@1.6.1\Editor\VisualScripting.Core\Dependencies\DotNetZip\Unity.VisualScripting.IonicZip.dll
Native extension for WindowsStandalone target not found
Native extension for WebGL target not found
Refreshing native plugins compatible for Editor in 0.72 ms, found 4 plugins.
Preloading 0 native plugins for Editor in 0.00 ms.
Mono: successfully reloaded assembly
- Completed reload, in  1.086 seconds
Domain Reload Profiling:
	ReloadAssembly (1086ms)
		BeginReloadAssembly (127ms)
			ExecutionOrderSort (0ms)
			DisableScriptedObjects (6ms)
			BackupInstance (0ms)
			ReleaseScriptingObjects (0ms)
			CreateAndSetChildDomain (39ms)
		EndReloadAssembly (895ms)
			LoadAssemblies (86ms)
			RebuildTransferFunctionScriptingTraits (0ms)
			SetupTypeCache (354ms)
			ReleaseScriptCaches (1ms)
			RebuildScriptCaches (43ms)
			SetupLoadedEditorAssemblies (307ms)
				LogAssemblyErrors (0ms)
				InitializePlatformSupportModulesInManaged (5ms)
				SetLoadedEditorAssemblies (0ms)
				RefreshPlugins (1ms)
				BeforeProcessingInitializeOnLoad (63ms)
				ProcessInitializeOnLoadAttributes (223ms)
				ProcessInitializeOnLoadMethodAttributes (9ms)
				AfterProcessingInitializeOnLoad (6ms)
				EditorAssembliesLoaded (0ms)
			ExecutionOrderSort2 (0ms)
			AwakeInstancesAfterBackupRestoration (11ms)
Platform modules already initialized, skipping
Refreshing native plugins compatible for Editor in 0.76 ms, found 4 plugins.
Preloading 0 native plugins for Editor in 0.00 ms.
Unloading 3663 Unused Serialized files (Serialized files now loaded: 0)
System memory in use before: 141.1 MB.
System memory in use after: 141.4 MB.

Unloading 20 unused Assets to reduce memory usage. Loaded Objects now: 4146.
Total: 2.767800 ms (FindLiveObjects: 0.308300 ms CreateObjectMapping: 0.138700 ms MarkObjects: 2.302200 ms  DeleteObjects: 0.017900 ms)

AssetImportParameters requested are different than current active one (requested -> active):
  custom:framework-win-MediaFoundation: 216162199b28c13a410421893ffa2e32 -> 
  custom:video-decoder-ogg-theora: a1e56fd34408186e4bbccfd4996cb3dc -> 
  custom:container-muxer-webm: aa71ff27fc2769a1b78a27578f13a17b -> 
  custom:container-demuxer-webm: 4f35f7cbe854078d1ac9338744f61a02 -> 
  custom:container-demuxer-ogg: 62fdf1f143b41e24485cea50d1cbac27 -> 
  custom:video-encoder-webm-vp8: eb34c28f22e8b96e1ab97ce403110664 -> 
  custom:video-decoder-webm-vp8: 9c59270c3fd7afecdb556c50c9e8de78 -> 
  custom:audio-decoder-ogg-vorbis: bf7c407c2cedff20999df2af8eb42d56 -> 
  custom:audio-encoder-webm-vorbis: bf7c407c2cedff20999df2af8eb42d56 -> 
========================================================================
Received Import Request.
  Time since last request: 669.265037 seconds.
  path: Assets/Scripts
  artifactKey: Guid(c1e007885f1914f45a462b05de558572) Importer(815301076,1909f56bfc062723c751e8b465ee728b)
Start importing Assets/Scripts using Guid(c1e007885f1914f45a462b05de558572) Importer(815301076,1909f56bfc062723c751e8b465ee728b)  -> (artifact id: 'ff8b7bc5db8758948d0c950be499c816') in 0.011373 seconds 
========================================================================
Received Import Request.
  Time since last request: 7.826808 seconds.
  path: Assets/Scripts/GameManager.cs
  artifactKey: Guid(5b2aa95594f9547f4bdda21ab4a77d8c) Importer(815301076,1909f56bfc062723c751e8b465ee728b)
Start importing Assets/Scripts/GameManager.cs using Guid(5b2aa95594f9547f4bdda21ab4a77d8c) Importer(815301076,1909f56bfc062723c751e8b465ee728b)  -> (artifact id: '90f98ae93c9575ec2f0ec8e34df07889') in 0.213746 seconds 
========================================================================
Received Import Request.
  Time since last request: 381.378084 seconds.
  path: Assets/Scenes
  artifactKey: Guid(131a6b21c8605f84396be9f6751fb6e3) Importer(815301076,1909f56bfc062723c751e8b465ee728b)
Start importing Assets/Scenes using Guid(131a6b21c8605f84396be9f6751fb6e3) Importer(815301076,1909f56bfc062723c751e8b465ee728b)  -> (artifact id: 'df75b7d1a31c5b4f73fd45661b403b04') in 0.007387 seconds 
========================================================================
Received Import Request.
  Time since last request: 1.066312 seconds.
  path: Assets/Scenes/game.unity
  artifactKey: Guid(2cda990e2423bbf4892e6590ba056729) Importer(815301076,1909f56bfc062723c751e8b465ee728b)
Start importing Assets/Scenes/game.unity using Guid(2cda990e2423bbf4892e6590ba056729) Importer(815301076,1909f56bfc062723c751e8b465ee728b)  -> (artifact id: 'af8c4deff7203d6e8315074c6c915d8f') in 0.015952 seconds 
========================================================================
Received Import Request.
  Time since last request: 13.751146 seconds.
  path: Assets/Scenes/game 1.unity
  artifactKey: Guid(0d902abe112159548aa07a4730e81915) Importer(815301076,1909f56bfc062723c751e8b465ee728b)
Start importing Assets/Scenes/game 1.unity using Guid(0d902abe112159548aa07a4730e81915) Importer(815301076,1909f56bfc062723c751e8b465ee728b)  -> (artifact id: 'b577df11ecd733d7ff572d07f4a60650') in 0.007852 seconds 
========================================================================
Received Import Request.
  Time since last request: 9.427375 seconds.
  path: Assets/Scenes/game level2.unity
  artifactKey: Guid(0d902abe112159548aa07a4730e81915) Importer(815301076,1909f56bfc062723c751e8b465ee728b)
Start importing Assets/Scenes/game level2.unity using Guid(0d902abe112159548aa07a4730e81915) Importer(815301076,1909f56bfc062723c751e8b465ee728b)  -> (artifact id: 'db2983a002bc5241472b06966497ad03') in 0.137585 seconds 
========================================================================
Received Import Request.
  Time since last request: 5.910529 seconds.
  path: Assets/Scenes/game level 2.unity
  artifactKey: Guid(0d902abe112159548aa07a4730e81915) Importer(815301076,1909f56bfc062723c751e8b465ee728b)
Start importing Assets/Scenes/game level 2.unity using Guid(0d902abe112159548aa07a4730e81915) Importer(815301076,1909f56bfc062723c751e8b465ee728b)  -> (artifact id: '7ede071e2c421056a914505f28946031') in 0.007155 seconds 
========================================================================
Received Import Request.
  Time since last request: 322.952869 seconds.
  path: Assets/Scenes/game level 3.unity
  artifactKey: Guid(39706fbc356d79f4286ae1cab5a08cda) Importer(815301076,1909f56bfc062723c751e8b465ee728b)
Start importing Assets/Scenes/game level 3.unity using Guid(39706fbc356d79f4286ae1cab5a08cda) Importer(815301076,1909f56bfc062723c751e8b465ee728b)  -> (artifact id: 'f748bf3c89c2388666d831bde96d0d4f') in 0.009226 seconds 
========================================================================
Received Import Request.
  Time since last request: 35.384456 seconds.
  path: Assets/Scenes/game lvl 3.unity
  artifactKey: Guid(39706fbc356d79f4286ae1cab5a08cda) Importer(815301076,1909f56bfc062723c751e8b465ee728b)
Start importing Assets/Scenes/game lvl 3.unity using Guid(39706fbc356d79f4286ae1cab5a08cda) Importer(815301076,1909f56bfc062723c751e8b465ee728b)  -> (artifact id: '1c6ef72ff2e6cc253122979b7ee64b66') in 0.006923 seconds 
========================================================================
Received Import Request.
  Time since last request: 7.068969 seconds.
  path: Assets/Scenes/game lvl 2.unity
  artifactKey: Guid(0d902abe112159548aa07a4730e81915) Importer(815301076,1909f56bfc062723c751e8b465ee728b)
Start importing Assets/Scenes/game lvl 2.unity using Guid(0d902abe112159548aa07a4730e81915) Importer(815301076,1909f56bfc062723c751e8b465ee728b)  -> (artifact id: 'b99e87b7da086f50c90beb612d2ecebd') in 0.006296 seconds 
========================================================================
Received Prepare
Registering precompiled user dll's ...
Registered in 0.005414 seconds.
Begin MonoManager ReloadAssembly
Symbol file LoadedFromMemory doesn't match image C:\Users\Alejandro\Downloads\AlienGame---Arboleda-main\Library\PackageCache\com.unity.visualscripting@1.6.1\Editor\VisualScripting.Core\Dependencies\YamlDotNet\Unity.VisualScripting.YamlDotNet.dll
Symbol file LoadedFromMemory doesn't match image C:\Users\Alejandro\Downloads\AlienGame---Arboleda-main\Library\PackageCache\com.unity.visualscripting@1.6.1\Editor\VisualScripting.Core\Dependencies\DotNetZip\Unity.VisualScripting.IonicZip.dll
Native extension for WindowsStandalone target not found
Native extension for WebGL target not found
Refreshing native plugins compatible for Editor in 0.70 ms, found 4 plugins.
Preloading 0 native plugins for Editor in 0.00 ms.
Mono: successfully reloaded assembly
- Completed reload, in  1.163 seconds
Domain Reload Profiling:
	ReloadAssembly (1164ms)
		BeginReloadAssembly (195ms)
			ExecutionOrderSort (0ms)
			DisableScriptedObjects (21ms)
			BackupInstance (0ms)
			ReleaseScriptingObjects (0ms)
			CreateAndSetChildDomain (98ms)
		EndReloadAssembly (907ms)
			LoadAssemblies (94ms)
			RebuildTransferFunctionScriptingTraits (0ms)
			SetupTypeCache (358ms)
			ReleaseScriptCaches (1ms)
			RebuildScriptCaches (43ms)
			SetupLoadedEditorAssemblies (306ms)
				LogAssemblyErrors (0ms)
				InitializePlatformSupportModulesInManaged (6ms)
				SetLoadedEditorAssemblies (1ms)
				RefreshPlugins (1ms)
				BeforeProcessingInitializeOnLoad (66ms)
				ProcessInitializeOnLoadAttributes (218ms)
				ProcessInitializeOnLoadMethodAttributes (9ms)
				AfterProcessingInitializeOnLoad (6ms)
				EditorAssembliesLoaded (0ms)
			ExecutionOrderSort2 (0ms)
			AwakeInstancesAfterBackupRestoration (11ms)
Platform modules already initialized, skipping
Refreshing native plugins compatible for Editor in 0.78 ms, found 4 plugins.
Preloading 0 native plugins for Editor in 0.00 ms.
Unloading 3663 Unused Serialized files (Serialized files now loaded: 0)
System memory in use before: 141.2 MB.
System memory in use after: 141.5 MB.

Unloading 20 unused Assets to reduce memory usage. Loaded Objects now: 4150.
Total: 2.834300 ms (FindLiveObjects: 0.305800 ms CreateObjectMapping: 0.178600 ms MarkObjects: 2.328400 ms  DeleteObjects: 0.020700 ms)

AssetImportParameters requested are different than current active one (requested -> active):
  custom:framework-win-MediaFoundation: 216162199b28c13a410421893ffa2e32 -> 
  custom:video-decoder-ogg-theora: a1e56fd34408186e4bbccfd4996cb3dc -> 
  custom:container-muxer-webm: aa71ff27fc2769a1b78a27578f13a17b -> 
  custom:container-demuxer-webm: 4f35f7cbe854078d1ac9338744f61a02 -> 
  custom:container-demuxer-ogg: 62fdf1f143b41e24485cea50d1cbac27 -> 
  custom:video-encoder-webm-vp8: eb34c28f22e8b96e1ab97ce403110664 -> 
  custom:video-decoder-webm-vp8: 9c59270c3fd7afecdb556c50c9e8de78 -> 
  custom:audio-decoder-ogg-vorbis: bf7c407c2cedff20999df2af8eb42d56 -> 
  custom:audio-encoder-webm-vorbis: bf7c407c2cedff20999df2af8eb42d56 -> 
========================================================================
Received Import Request.
  Time since last request: 7221.231472 seconds.
  path: Assets/Scripts/GameManager1.cs
  artifactKey: Guid(cd2491af2a602584fb8ba8822b7a8202) Importer(815301076,1909f56bfc062723c751e8b465ee728b)
Start importing Assets/Scripts/GameManager1.cs using Guid(cd2491af2a602584fb8ba8822b7a8202) Importer(815301076,1909f56bfc062723c751e8b465ee728b)  -> (artifact id: '575518512559f3d6cb53d2310c112a0a') in 0.015658 seconds 
========================================================================
Received Prepare
Registering precompiled user dll's ...
Registered in 0.005076 seconds.
Begin MonoManager ReloadAssembly
Symbol file LoadedFromMemory doesn't match image C:\Users\Alejandro\Downloads\AlienGame---Arboleda-main\Library\PackageCache\com.unity.visualscripting@1.6.1\Editor\VisualScripting.Core\Dependencies\YamlDotNet\Unity.VisualScripting.YamlDotNet.dll
Symbol file LoadedFromMemory doesn't match image C:\Users\Alejandro\Downloads\AlienGame---Arboleda-main\Library\PackageCache\com.unity.visualscripting@1.6.1\Editor\VisualScripting.Core\Dependencies\DotNetZip\Unity.VisualScripting.IonicZip.dll
Native extension for WindowsStandalone target not found
Native extension for WebGL target not found
Refreshing native plugins compatible for Editor in 1.12 ms, found 4 plugins.
Preloading 0 native plugins for Editor in 0.00 ms.
Mono: successfully reloaded assembly
- Completed reload, in  2.055 seconds
Domain Reload Profiling:
	ReloadAssembly (2055ms)
		BeginReloadAssembly (861ms)
			ExecutionOrderSort (0ms)
			DisableScriptedObjects (6ms)
			BackupInstance (0ms)
			ReleaseScriptingObjects (0ms)
			CreateAndSetChildDomain (42ms)
		EndReloadAssembly (1130ms)
			LoadAssemblies (835ms)
			RebuildTransferFunctionScriptingTraits (0ms)
			SetupTypeCache (375ms)
			ReleaseScriptCaches (1ms)
			RebuildScriptCaches (62ms)
			SetupLoadedEditorAssemblies (426ms)
				LogAssemblyErrors (0ms)
				InitializePlatformSupportModulesInManaged (11ms)
				SetLoadedEditorAssemblies (1ms)
				RefreshPlugins (1ms)
				BeforeProcessingInitializeOnLoad (95ms)
				ProcessInitializeOnLoadAttributes (298ms)
				ProcessInitializeOnLoadMethodAttributes (11ms)
				AfterProcessingInitializeOnLoad (9ms)
				EditorAssembliesLoaded (0ms)
			ExecutionOrderSort2 (0ms)
			AwakeInstancesAfterBackupRestoration (12ms)
Platform modules already initialized, skipping
Refreshing native plugins compatible for Editor in 0.85 ms, found 4 plugins.
Preloading 0 native plugins for Editor in 0.00 ms.
Unloading 3663 Unused Serialized files (Serialized files now loaded: 0)
System memory in use before: 141.3 MB.
System memory in use after: 141.5 MB.

Unloading 20 unused Assets to reduce memory usage. Loaded Objects now: 4154.
Total: 2.913700 ms (FindLiveObjects: 0.271900 ms CreateObjectMapping: 0.175400 ms MarkObjects: 2.447700 ms  DeleteObjects: 0.017700 ms)

AssetImportParameters requested are different than current active one (requested -> active):
  custom:framework-win-MediaFoundation: 216162199b28c13a410421893ffa2e32 -> 
  custom:video-decoder-ogg-theora: a1e56fd34408186e4bbccfd4996cb3dc -> 
  custom:container-muxer-webm: aa71ff27fc2769a1b78a27578f13a17b -> 
  custom:container-demuxer-webm: 4f35f7cbe854078d1ac9338744f61a02 -> 
  custom:container-demuxer-ogg: 62fdf1f143b41e24485cea50d1cbac27 -> 
  custom:video-encoder-webm-vp8: eb34c28f22e8b96e1ab97ce403110664 -> 
  custom:video-decoder-webm-vp8: 9c59270c3fd7afecdb556c50c9e8de78 -> 
  custom:audio-decoder-ogg-vorbis: bf7c407c2cedff20999df2af8eb42d56 -> 
  custom:audio-encoder-webm-vorbis: bf7c407c2cedff20999df2af8eb42d56 -> 
========================================================================
Received Import Request.
  Time since last request: 6072.266072 seconds.
  path: Assets/Imagenes/chicken.png
  artifactKey: Guid(a71464e2a2e2f41018c6520c73695f6a) Importer(815301076,1909f56bfc062723c751e8b465ee728b)
Start importing Assets/Imagenes/chicken.png using Guid(a71464e2a2e2f41018c6520c73695f6a) Importer(815301076,1909f56bfc062723c751e8b465ee728b)  -> (artifact id: 'a3d6ba2ddf26f4c937455f989160b9f4') in 1.604732 seconds 
========================================================================
Received Import Request.
  Time since last request: 0.000465 seconds.
  path: Assets/Imagenes/platformPack_tile011.png
  artifactKey: Guid(5003b1dc28a9946f3bb725027948f6e0) Importer(815301076,1909f56bfc062723c751e8b465ee728b)
Start importing Assets/Imagenes/platformPack_tile011.png using Guid(5003b1dc28a9946f3bb725027948f6e0) Importer(815301076,1909f56bfc062723c751e8b465ee728b)  -> (artifact id: '1d55a0238dc86edf91d5bb879b9fdadd') in 0.066715 seconds 
========================================================================
Received Import Request.
  Time since last request: 0.000303 seconds.
  path: Assets/Imagenes/foliagePack_014.png
  artifactKey: Guid(078d91bc3632c4e208d956fa3f681cf3) Importer(815301076,1909f56bfc062723c751e8b465ee728b)
Start importing Assets/Imagenes/foliagePack_014.png using Guid(078d91bc3632c4e208d956fa3f681cf3) Importer(815301076,1909f56bfc062723c751e8b465ee728b)  -> (artifact id: '17cfacb1aa6a1a8d965bc8218804793d') in 0.161841 seconds 
========================================================================
Received Import Request.
  Time since last request: 0.000310 seconds.
  path: Assets/Imagenes/platformPack_tile012.png
  artifactKey: Guid(b128f72ea277648efbcafd01341a67c1) Importer(815301076,1909f56bfc062723c751e8b465ee728b)
Start importing Assets/Imagenes/platformPack_tile012.png using Guid(b128f72ea277648efbcafd01341a67c1) Importer(815301076,1909f56bfc062723c751e8b465ee728b)  -> (artifact id: 'cde3d1ba80e33384e0016491f33701db') in 0.089013 seconds 
========================================================================
Received Import Request.
  Time since last request: 0.000294 seconds.
  path: Assets/Imagenes/foliagePack_002.png
  artifactKey: Guid(07bf8777a6aa2401a9a68c27f9cc9bde) Importer(815301076,1909f56bfc062723c751e8b465ee728b)
Start importing Assets/Imagenes/foliagePack_002.png using Guid(07bf8777a6aa2401a9a68c27f9cc9bde) Importer(815301076,1909f56bfc062723c751e8b465ee728b)  -> (artifact id: 'e02983ce5a3d96637c569b64c7afc225') in 0.027821 seconds 
========================================================================
Received Import Request.
  Time since last request: 0.000262 seconds.
  path: Assets/Imagenes/foliagePack_058.png
  artifactKey: Guid(33bc2258f12b24d3aa1d6f3fe46c4d7d) Importer(815301076,1909f56bfc062723c751e8b465ee728b)
Start importing Assets/Imagenes/foliagePack_058.png using Guid(33bc2258f12b24d3aa1d6f3fe46c4d7d) Importer(815301076,1909f56bfc062723c751e8b465ee728b)  -> (artifact id: 'c3754eddb9285f1038feb13e401f69c6') in 0.083654 seconds 
========================================================================
Received Import Request.
  Time since last request: 0.000278 seconds.
  path: Assets/Imagenes/dog.png
  artifactKey: Guid(26fab33ad0bfe4048a09f31bfab1eafc) Importer(815301076,1909f56bfc062723c751e8b465ee728b)
Start importing Assets/Imagenes/dog.png using Guid(26fab33ad0bfe4048a09f31bfab1eafc) Importer(815301076,1909f56bfc062723c751e8b465ee728b)  -> (artifact id: '8bc1bbfa8377291c77506e7f350ad461') in 0.125781 seconds 
========================================================================
Received Import Request.
  Time since last request: 0.000307 seconds.
  path: Assets/Imagenes/foliagePack_030.png
  artifactKey: Guid(e9168378603814aa99362aa76e6bd334) Importer(815301076,1909f56bfc062723c751e8b465ee728b)
Start importing Assets/Imagenes/foliagePack_030.png using Guid(e9168378603814aa99362aa76e6bd334) Importer(815301076,1909f56bfc062723c751e8b465ee728b)  -> (artifact id: '79d7661275a328d4656a4f3824fafb9c') in 0.128312 seconds 
========================================================================
Received Import Request.
  Time since last request: 0.000266 seconds.
  path: Assets/Imagenes/platformPack_item005.png
  artifactKey: Guid(4e568e44887c74bf39fc1ccb9394c140) Importer(815301076,1909f56bfc062723c751e8b465ee728b)
Start importing Assets/Imagenes/platformPack_item005.png using Guid(4e568e44887c74bf39fc1ccb9394c140) Importer(815301076,1909f56bfc062723c751e8b465ee728b)  -> (artifact id: 'bacfec763b15c0e3e6264f87efd79cd4') in 0.082776 seconds 
========================================================================
Received Import Request.
  Time since last request: 0.000266 seconds.
  path: Assets/Imagenes/foliagePack_060.png
  artifactKey: Guid(87c4052594dfb43f994e962322fe5077) Importer(815301076,1909f56bfc062723c751e8b465ee728b)
Start importing Assets/Imagenes/foliagePack_060.png using Guid(87c4052594dfb43f994e962322fe5077) Importer(815301076,1909f56bfc062723c751e8b465ee728b)  -> (artifact id: '92db38d397d9b9f4fb0ad6a1ef1d9a2f') in 0.050100 seconds 
========================================================================
Received Import Request.
  Time since last request: 0.000298 seconds.
  path: Assets/Imagenes/foliagePack_001.png
  artifactKey: Guid(5c494aab1ea2846f8ad5fdd989883e96) Importer(815301076,1909f56bfc062723c751e8b465ee728b)
Start importing Assets/Imagenes/foliagePack_001.png using Guid(5c494aab1ea2846f8ad5fdd989883e96) Importer(815301076,1909f56bfc062723c751e8b465ee728b)  -> (artifact id: '4d018b5c6114349a4596b6ccadb2e34f') in 0.053973 seconds 
========================================================================
Received Import Request.
  Time since last request: 0.000246 seconds.
  path: Assets/Imagenes/shipGreen_manned.png
  artifactKey: Guid(2b160a037bf774339b5e43b25f2ccd1c) Importer(815301076,1909f56bfc062723c751e8b465ee728b)
Start importing Assets/Imagenes/shipGreen_manned.png using Guid(2b160a037bf774339b5e43b25f2ccd1c) Importer(815301076,1909f56bfc062723c751e8b465ee728b)  -> (artifact id: '0dcae4ee4247562dc4bea5c62ad901c6') in 0.016506 seconds 
========================================================================
Received Import Request.
  Time since last request: 0.000284 seconds.
  path: Assets/Imagenes/shipYellow_manned.png
  artifactKey: Guid(1c4eb6d88058146faa2a3217ba1e177b) Importer(815301076,1909f56bfc062723c751e8b465ee728b)
Start importing Assets/Imagenes/shipYellow_manned.png using Guid(1c4eb6d88058146faa2a3217ba1e177b) Importer(815301076,1909f56bfc062723c751e8b465ee728b)  -> (artifact id: 'aa0ceb49a01c9f9738e26ec14a50e865') in 1.443249 seconds 
========================================================================
Received Import Request.
  Time since last request: 0.000288 seconds.
  path: Assets/Imagenes/foliagePack_015.png
  artifactKey: Guid(ae5f1e6e67bf54daf904ba3311fb5338) Importer(815301076,1909f56bfc062723c751e8b465ee728b)
Start importing Assets/Imagenes/foliagePack_015.png using Guid(ae5f1e6e67bf54daf904ba3311fb5338) Importer(815301076,1909f56bfc062723c751e8b465ee728b)  -> (artifact id: '5e6c4b261e3fe5becb56bb5a789f4c4a') in 0.257762 seconds 
========================================================================
Received Import Request.
  Time since last request: 0.000236 seconds.
  path: Assets/Imagenes/foliagePack_007.png
  artifactKey: Guid(bf96a10e7c9534bccb530d3f0e6cf7bf) Importer(815301076,1909f56bfc062723c751e8b465ee728b)
Start importing Assets/Imagenes/foliagePack_007.png using Guid(bf96a10e7c9534bccb530d3f0e6cf7bf) Importer(815301076,1909f56bfc062723c751e8b465ee728b)  -> (artifact id: '00e22da3b498bb01fc61169c1ebb1156') in 0.175322 seconds 
========================================================================
Received Import Request.
  Time since last request: 0.000302 seconds.
  path: Assets/Imagenes/horse.png
  artifactKey: Guid(eca0a999a413c4e9e807793176a31ca2) Importer(815301076,1909f56bfc062723c751e8b465ee728b)
Start importing Assets/Imagenes/horse.png using Guid(eca0a999a413c4e9e807793176a31ca2) Importer(815301076,1909f56bfc062723c751e8b465ee728b)  -> (artifact id: '21a0c6a39eb75fa3d265e4c010d10e0f') in 0.152883 seconds 
========================================================================
Received Import Request.
  Time since last request: 0.000248 seconds.
  path: Assets/Imagenes/platformPack_tile023.png
  artifactKey: Guid(070155eb250b34328bdb370badd4bb3b) Importer(815301076,1909f56bfc062723c751e8b465ee728b)
Start importing Assets/Imagenes/platformPack_tile023.png using Guid(070155eb250b34328bdb370badd4bb3b) Importer(815301076,1909f56bfc062723c751e8b465ee728b)  -> (artifact id: '34c2d72538380c62a65be8eaace2dd6e') in 0.060803 seconds 
========================================================================
Received Import Request.
  Time since last request: 0.000328 seconds.
  path: Assets/Imagenes/platformPack_tile024.png
  artifactKey: Guid(706a9b7aad13b4b0ba30d64e8ac3c3dd) Importer(815301076,1909f56bfc062723c751e8b465ee728b)
Start importing Assets/Imagenes/platformPack_tile024.png using Guid(706a9b7aad13b4b0ba30d64e8ac3c3dd) Importer(815301076,1909f56bfc062723c751e8b465ee728b)  -> (artifact id: '12b2139f5f0ed264940650696bc72490') in 0.079499 seconds 
========================================================================
Received Import Request.
  Time since last request: 0.000267 seconds.
  path: Assets/Imagenes/sloth.png
  artifactKey: Guid(3267f85c02127410ea717d865f2b40b5) Importer(815301076,1909f56bfc062723c751e8b465ee728b)
Start importing Assets/Imagenes/sloth.png using Guid(3267f85c02127410ea717d865f2b40b5) Importer(815301076,1909f56bfc062723c751e8b465ee728b)  -> (artifact id: '32d2625dd4f17391f252db2afa0d241a') in 0.090879 seconds 
========================================================================
Received Import Request.
  Time since last request: 0.000310 seconds.
  path: Assets/Imagenes/foliagePack_004.png
  artifactKey: Guid(125a5a2a4f42448429b99a9d249ca3d8) Importer(815301076,1909f56bfc062723c751e8b465ee728b)
Start importing Assets/Imagenes/foliagePack_004.png using Guid(125a5a2a4f42448429b99a9d249ca3d8) Importer(815301076,1909f56bfc062723c751e8b465ee728b)  -> (artifact id: '0ea20fa5cc1af32390f622dfb8abe7e9') in 0.041958 seconds 
========================================================================
Received Import Request.
  Time since last request: 0.000313 seconds.
  path: Assets/Imagenes/cow.png
  artifactKey: Guid(3d446e59f66ea4fe193170cb8b3c8a27) Importer(815301076,1909f56bfc062723c751e8b465ee728b)
Start importing Assets/Imagenes/cow.png using Guid(3d446e59f66ea4fe193170cb8b3c8a27) Importer(815301076,1909f56bfc062723c751e8b465ee728b)  -> (artifact id: '31010a58481c57e0398257c125ecb9f5') in 0.080063 seconds 
========================================================================
Received Import Request.
  Time since last request: 0.000305 seconds.
  path: Assets/Imagenes/foliagePack_005.png
  artifactKey: Guid(ea7e53201b8fc45a1843801dfb14e79c) Importer(815301076,1909f56bfc062723c751e8b465ee728b)
Start importing Assets/Imagenes/foliagePack_005.png using Guid(ea7e53201b8fc45a1843801dfb14e79c) Importer(815301076,1909f56bfc062723c751e8b465ee728b)  -> (artifact id: '71a73fc9461c66201d8e7ce24c397226') in 0.157415 seconds 
========================================================================
Received Import Request.
  Time since last request: 0.000253 seconds.
  path: Assets/Imagenes/foliagePack_029.png
  artifactKey: Guid(b7b01dec401cc43b998d190522d37d27) Importer(815301076,1909f56bfc062723c751e8b465ee728b)
Start importing Assets/Imagenes/foliagePack_029.png using Guid(b7b01dec401cc43b998d190522d37d27) Importer(815301076,1909f56bfc062723c751e8b465ee728b)  -> (artifact id: 'c58e2ef25f6244e8065ec139122c3b5c') in 0.126941 seconds 
========================================================================
Received Import Request.
  Time since last request: 0.000255 seconds.
  path: Assets/Imagenes/suelo.png
  artifactKey: Guid(1d0f70fd2300f422b9c526b27ea4ada6) Importer(815301076,1909f56bfc062723c751e8b465ee728b)
Start importing Assets/Imagenes/suelo.png using Guid(1d0f70fd2300f422b9c526b27ea4ada6) Importer(815301076,1909f56bfc062723c751e8b465ee728b)  -> (artifact id: '97e38eb2c9559cafe6983466a5635783') in 0.084284 seconds 
========================================================================
Received Import Request.
  Time since last request: 0.000245 seconds.
  path: Assets/Imagenes/foliagePack_006.png
  artifactKey: Guid(08520a59fd767455fbd9940f97a1c97f) Importer(815301076,1909f56bfc062723c751e8b465ee728b)
Start importing Assets/Imagenes/foliagePack_006.png using Guid(08520a59fd767455fbd9940f97a1c97f) Importer(815301076,1909f56bfc062723c751e8b465ee728b)  -> (artifact id: 'd2f78327f93e9acf83818ec788386f38') in 0.117543 seconds 
========================================================================
Received Import Request.
  Time since last request: 0.000244 seconds.
  path: Assets/Imagenes/shipPink_manned.png
  artifactKey: Guid(28fe2b7d310784daeb946ec1149cd0d7) Importer(815301076,1909f56bfc062723c751e8b465ee728b)
Start importing Assets/Imagenes/shipPink_manned.png using Guid(28fe2b7d310784daeb946ec1149cd0d7) Importer(815301076,1909f56bfc062723c751e8b465ee728b)  -> (artifact id: '413515cee220ced9f24735c50507ae9f') in 0.142643 seconds 
========================================================================
Received Import Request.
  Time since last request: 0.000237 seconds.
  path: Assets/Imagenes/foliagePack_020.png
  artifactKey: Guid(490669550c6844c1da189e2bbf6cc2f8) Importer(815301076,1909f56bfc062723c751e8b465ee728b)
Start importing Assets/Imagenes/foliagePack_020.png using Guid(490669550c6844c1da189e2bbf6cc2f8) Importer(815301076,1909f56bfc062723c751e8b465ee728b)  -> (artifact id: 'f7a2558574beb6c6dfd21a107a501d9b') in 0.050857 seconds 
========================================================================
Received Import Request.
  Time since last request: 0.000295 seconds.
  path: Assets/Imagenes/foliagePack_028.png
  artifactKey: Guid(ce88aede3aef9445bb9aaa0428da37ae) Importer(815301076,1909f56bfc062723c751e8b465ee728b)
Start importing Assets/Imagenes/foliagePack_028.png using Guid(ce88aede3aef9445bb9aaa0428da37ae) Importer(815301076,1909f56bfc062723c751e8b465ee728b)  -> (artifact id: '924aae3f4db2d5326aebbee1e8863f34') in 0.198842 seconds 
========================================================================
Received Import Request.
  Time since last request: 0.000357 seconds.
  path: Assets/Imagenes/platformPack_item017.png
  artifactKey: Guid(d7f6ae99b968e4c979fc30284e5ccc57) Importer(815301076,1909f56bfc062723c751e8b465ee728b)
Start importing Assets/Imagenes/platformPack_item017.png using Guid(d7f6ae99b968e4c979fc30284e5ccc57) Importer(815301076,1909f56bfc062723c751e8b465ee728b)  -> (artifact id: 'feff8af9936b37b94508e9339e6a20c5') in 0.108159 seconds 
========================================================================
Received Import Request.
  Time since last request: 0.000268 seconds.
  path: Assets/Imagenes/foliagePack_019.png
  artifactKey: Guid(e1c6ec93c5f8f482093b7522adb9860a) Importer(815301076,1909f56bfc062723c751e8b465ee728b)
Start importing Assets/Imagenes/foliagePack_019.png using Guid(e1c6ec93c5f8f482093b7522adb9860a) Importer(815301076,1909f56bfc062723c751e8b465ee728b)  -> (artifact id: '1fc46c4cf3fefeac121b2963fee85877') in 0.097770 seconds 
========================================================================
Received Import Request.
  Time since last request: 0.000249 seconds.
  path: Assets/Imagenes/foliagePack_017.png
  artifactKey: Guid(cd2788d377fa94b49a704085790a7afa) Importer(815301076,1909f56bfc062723c751e8b465ee728b)
Start importing Assets/Imagenes/foliagePack_017.png using Guid(cd2788d377fa94b49a704085790a7afa) Importer(815301076,1909f56bfc062723c751e8b465ee728b)  -> (artifact id: 'b138307b403ebaa78b71f4b200ba9cef') in 0.064572 seconds 
========================================================================
Received Import Request.
  Time since last request: 0.000273 seconds.
  path: Assets/Imagenes/foliagePack_016.png
  artifactKey: Guid(fd56cefe5cd0d499487ec9940eaa5a60) Importer(815301076,1909f56bfc062723c751e8b465ee728b)
Start importing Assets/Imagenes/foliagePack_016.png using Guid(fd56cefe5cd0d499487ec9940eaa5a60) Importer(815301076,1909f56bfc062723c751e8b465ee728b)  -> (artifact id: '6d28b1c3e9199cb31ac526dd835cd18e') in 0.063142 seconds 
========================================================================
Received Import Request.
  Time since last request: 0.000220 seconds.
  path: Assets/Imagenes/platformPack_item011.png
  artifactKey: Guid(1d298e9654d8e4e578c40df5c6f0a0c0) Importer(815301076,1909f56bfc062723c751e8b465ee728b)
Start importing Assets/Imagenes/platformPack_item011.png using Guid(1d298e9654d8e4e578c40df5c6f0a0c0) Importer(815301076,1909f56bfc062723c751e8b465ee728b)  -> (artifact id: 'a6466a4f7bd2f0ae6c825074c7c78703') in 0.048246 seconds 
========================================================================
Received Import Request.
  Time since last request: 0.000277 seconds.
  path: Assets/Imagenes/rabbit.png
  artifactKey: Guid(3823ae7d7f7714d128bff424b2d9ed20) Importer(815301076,1909f56bfc062723c751e8b465ee728b)
Start importing Assets/Imagenes/rabbit.png using Guid(3823ae7d7f7714d128bff424b2d9ed20) Importer(815301076,1909f56bfc062723c751e8b465ee728b)  -> (artifact id: 'af8186c1815252e372b7ce76f66fd67d') in 0.044441 seconds 
========================================================================
Received Import Request.
  Time since last request: 0.000250 seconds.
  path: Assets/Imagenes/foliagePack_057.png
  artifactKey: Guid(7aa9adc76feda46c79a6eaf0d49af0ed) Importer(815301076,1909f56bfc062723c751e8b465ee728b)
Start importing Assets/Imagenes/foliagePack_057.png using Guid(7aa9adc76feda46c79a6eaf0d49af0ed) Importer(815301076,1909f56bfc062723c751e8b465ee728b)  -> (artifact id: '1ad80a2269f26bbbe17d901cdc39b3ca') in 0.109271 seconds 
========================================================================
Received Import Request.
  Time since last request: 0.000257 seconds.
  path: Assets/Imagenes/owl.png
  artifactKey: Guid(906c1c71e3b8442fdb6ab4f33e358bf1) Importer(815301076,1909f56bfc062723c751e8b465ee728b)
Start importing Assets/Imagenes/owl.png using Guid(906c1c71e3b8442fdb6ab4f33e358bf1) Importer(815301076,1909f56bfc062723c751e8b465ee728b)  -> (artifact id: 'd0db45b52df75c3af5822bcc69a35825') in 0.022023 seconds 
========================================================================
Received Prepare
Registering precompiled user dll's ...
Registered in 1.161199 seconds.
Begin MonoManager ReloadAssembly
Symbol file LoadedFromMemory doesn't match image C:\Users\Alejandro\Downloads\AlienGame---Arboleda-main\Library\PackageCache\com.unity.visualscripting@1.6.1\Editor\VisualScripting.Core\Dependencies\YamlDotNet\Unity.VisualScripting.YamlDotNet.dll
Symbol file LoadedFromMemory doesn't match image C:\Users\Alejandro\Downloads\AlienGame---Arboleda-main\Library\PackageCache\com.unity.visualscripting@1.6.1\Editor\VisualScripting.Core\Dependencies\DotNetZip\Unity.VisualScripting.IonicZip.dll
Native extension for WindowsStandalone target not found
Native extension for WebGL target not found
Refreshing native plugins compatible for Editor in 0.69 ms, found 4 plugins.
Preloading 0 native plugins for Editor in 0.00 ms.
Mono: successfully reloaded assembly
- Completed reload, in  1.603 seconds
Domain Reload Profiling:
	ReloadAssembly (1604ms)
		BeginReloadAssembly (378ms)
			ExecutionOrderSort (0ms)
			DisableScriptedObjects (38ms)
			BackupInstance (0ms)
			ReleaseScriptingObjects (0ms)
			CreateAndSetChildDomain (266ms)
		EndReloadAssembly (1165ms)
			LoadAssemblies (184ms)
			RebuildTransferFunctionScriptingTraits (0ms)
			SetupTypeCache (481ms)
			ReleaseScriptCaches (1ms)
			RebuildScriptCaches (44ms)
			SetupLoadedEditorAssemblies (303ms)
				LogAssemblyErrors (0ms)
				InitializePlatformSupportModulesInManaged (7ms)
				SetLoadedEditorAssemblies (1ms)
				RefreshPlugins (1ms)
				BeforeProcessingInitializeOnLoad (63ms)
				ProcessInitializeOnLoadAttributes (219ms)
				ProcessInitializeOnLoadMethodAttributes (8ms)
				AfterProcessingInitializeOnLoad (6ms)
				EditorAssembliesLoaded (0ms)
			ExecutionOrderSort2 (0ms)
			AwakeInstancesAfterBackupRestoration (29ms)
Platform modules already initialized, skipping
Refreshing native plugins compatible for Editor in 1.00 ms, found 4 plugins.
Preloading 0 native plugins for Editor in 0.00 ms.
Unloading 3699 Unused Serialized files (Serialized files now loaded: 0)
System memory in use before: 161.7 MB.
System memory in use after: 161.9 MB.

Unloading 20 unused Assets to reduce memory usage. Loaded Objects now: 4753.
Total: 3.334900 ms (FindLiveObjects: 0.449800 ms CreateObjectMapping: 0.184200 ms MarkObjects: 2.678700 ms  DeleteObjects: 0.020900 ms)

AssetImportParameters requested are different than current active one (requested -> active):
  custom:framework-win-MediaFoundation: 216162199b28c13a410421893ffa2e32 -> 
  custom:video-decoder-ogg-theora: a1e56fd34408186e4bbccfd4996cb3dc -> 
  custom:container-muxer-webm: aa71ff27fc2769a1b78a27578f13a17b -> 
  custom:container-demuxer-webm: 4f35f7cbe854078d1ac9338744f61a02 -> 
  custom:container-demuxer-ogg: 62fdf1f143b41e24485cea50d1cbac27 -> 
  custom:video-encoder-webm-vp8: eb34c28f22e8b96e1ab97ce403110664 -> 
  custom:video-decoder-webm-vp8: 9c59270c3fd7afecdb556c50c9e8de78 -> 
  custom:audio-decoder-ogg-vorbis: bf7c407c2cedff20999df2af8eb42d56 -> 
  custom:audio-encoder-webm-vorbis: bf7c407c2cedff20999df2af8eb42d56 -> 
========================================================================
Received Prepare
Registering precompiled user dll's ...
Registered in 0.004871 seconds.
Begin MonoManager ReloadAssembly
Symbol file LoadedFromMemory doesn't match image C:\Users\Alejandro\Downloads\AlienGame---Arboleda-main\Library\PackageCache\com.unity.visualscripting@1.6.1\Editor\VisualScripting.Core\Dependencies\YamlDotNet\Unity.VisualScripting.YamlDotNet.dll
Symbol file LoadedFromMemory doesn't match image C:\Users\Alejandro\Downloads\AlienGame---Arboleda-main\Library\PackageCache\com.unity.visualscripting@1.6.1\Editor\VisualScripting.Core\Dependencies\DotNetZip\Unity.VisualScripting.IonicZip.dll
Native extension for WindowsStandalone target not found
Native extension for WebGL target not found
Refreshing native plugins compatible for Editor in 0.80 ms, found 4 plugins.
Preloading 0 native plugins for Editor in 0.00 ms.
Mono: successfully reloaded assembly
- Completed reload, in  1.134 seconds
Domain Reload Profiling:
	ReloadAssembly (1135ms)
		BeginReloadAssembly (116ms)
			ExecutionOrderSort (0ms)
			DisableScriptedObjects (10ms)
			BackupInstance (0ms)
			ReleaseScriptingObjects (0ms)
			CreateAndSetChildDomain (37ms)
		EndReloadAssembly (959ms)
			LoadAssemblies (88ms)
			RebuildTransferFunctionScriptingTraits (0ms)
			SetupTypeCache (365ms)
			ReleaseScriptCaches (1ms)
			RebuildScriptCaches (45ms)
			SetupLoadedEditorAssemblies (332ms)
				LogAssemblyErrors (0ms)
				InitializePlatformSupportModulesInManaged (8ms)
				SetLoadedEditorAssemblies (0ms)
				RefreshPlugins (1ms)
				BeforeProcessingInitializeOnLoad (74ms)
				ProcessInitializeOnLoadAttributes (233ms)
				ProcessInitializeOnLoadMethodAttributes (10ms)
				AfterProcessingInitializeOnLoad (6ms)
				EditorAssembliesLoaded (0ms)
			ExecutionOrderSort2 (0ms)
			AwakeInstancesAfterBackupRestoration (23ms)
Platform modules already initialized, skipping
Refreshing native plugins compatible for Editor in 0.76 ms, found 4 plugins.
Preloading 0 native plugins for Editor in 0.00 ms.
Unloading 3663 Unused Serialized files (Serialized files now loaded: 0)
System memory in use before: 160.2 MB.
System memory in use after: 160.4 MB.

Unloading 20 unused Assets to reduce memory usage. Loaded Objects now: 4757.
Total: 2.999900 ms (FindLiveObjects: 0.361600 ms CreateObjectMapping: 0.170200 ms MarkObjects: 2.446100 ms  DeleteObjects: 0.021300 ms)

AssetImportParameters requested are different than current active one (requested -> active):
  custom:framework-win-MediaFoundation: 216162199b28c13a410421893ffa2e32 -> 
  custom:video-decoder-ogg-theora: a1e56fd34408186e4bbccfd4996cb3dc -> 
  custom:container-muxer-webm: aa71ff27fc2769a1b78a27578f13a17b -> 
  custom:container-demuxer-webm: 4f35f7cbe854078d1ac9338744f61a02 -> 
  custom:container-demuxer-ogg: 62fdf1f143b41e24485cea50d1cbac27 -> 
  custom:video-encoder-webm-vp8: eb34c28f22e8b96e1ab97ce403110664 -> 
  custom:video-decoder-webm-vp8: 9c59270c3fd7afecdb556c50c9e8de78 -> 
  custom:audio-decoder-ogg-vorbis: bf7c407c2cedff20999df2af8eb42d56 -> 
  custom:audio-encoder-webm-vorbis: bf7c407c2cedff20999df2af8eb42d56 -> 
========================================================================
Received Prepare
Registering precompiled user dll's ...
Registered in 0.007447 seconds.
Begin MonoManager ReloadAssembly
Symbol file LoadedFromMemory doesn't match image C:\Users\Alejandro\Downloads\AlienGame---Arboleda-main\Library\PackageCache\com.unity.visualscripting@1.6.1\Editor\VisualScripting.Core\Dependencies\YamlDotNet\Unity.VisualScripting.YamlDotNet.dll
Symbol file LoadedFromMemory doesn't match image C:\Users\Alejandro\Downloads\AlienGame---Arboleda-main\Library\PackageCache\com.unity.visualscripting@1.6.1\Editor\VisualScripting.Core\Dependencies\DotNetZip\Unity.VisualScripting.IonicZip.dll
Native extension for WindowsStandalone target not found
Native extension for WebGL target not found
Refreshing native plugins compatible for Editor in 0.82 ms, found 4 plugins.
Preloading 0 native plugins for Editor in 0.00 ms.
Mono: successfully reloaded assembly
- Completed reload, in  1.319 seconds
Domain Reload Profiling:
	ReloadAssembly (1319ms)
		BeginReloadAssembly (133ms)
			ExecutionOrderSort (0ms)
			DisableScriptedObjects (11ms)
			BackupInstance (0ms)
			ReleaseScriptingObjects (0ms)
			CreateAndSetChildDomain (39ms)
		EndReloadAssembly (1123ms)
			LoadAssemblies (245ms)
			RebuildTransferFunctionScriptingTraits (0ms)
			SetupTypeCache (374ms)
			ReleaseScriptCaches (1ms)
			RebuildScriptCaches (45ms)
			SetupLoadedEditorAssemblies (337ms)
				LogAssemblyErrors (0ms)
				InitializePlatformSupportModulesInManaged (6ms)
				SetLoadedEditorAssemblies (0ms)
				RefreshPlugins (1ms)
				BeforeProcessingInitializeOnLoad (66ms)
				ProcessInitializeOnLoadAttributes (247ms)
				ProcessInitializeOnLoadMethodAttributes (11ms)
				AfterProcessingInitializeOnLoad (6ms)
				EditorAssembliesLoaded (0ms)
			ExecutionOrderSort2 (0ms)
			AwakeInstancesAfterBackupRestoration (24ms)
Platform modules already initialized, skipping
Refreshing native plugins compatible for Editor in 1.45 ms, found 4 plugins.
Preloading 0 native plugins for Editor in 0.00 ms.
Unloading 3663 Unused Serialized files (Serialized files now loaded: 0)
System memory in use before: 160.2 MB.
System memory in use after: 160.5 MB.

Unloading 20 unused Assets to reduce memory usage. Loaded Objects now: 4761.
Total: 2.940600 ms (FindLiveObjects: 0.400000 ms CreateObjectMapping: 0.244700 ms MarkObjects: 2.270900 ms  DeleteObjects: 0.024100 ms)

AssetImportParameters requested are different than current active one (requested -> active):
  custom:framework-win-MediaFoundation: 216162199b28c13a410421893ffa2e32 -> 
  custom:video-decoder-ogg-theora: a1e56fd34408186e4bbccfd4996cb3dc -> 
  custom:container-muxer-webm: aa71ff27fc2769a1b78a27578f13a17b -> 
  custom:container-demuxer-webm: 4f35f7cbe854078d1ac9338744f61a02 -> 
  custom:container-demuxer-ogg: 62fdf1f143b41e24485cea50d1cbac27 -> 
  custom:video-encoder-webm-vp8: eb34c28f22e8b96e1ab97ce403110664 -> 
  custom:video-decoder-webm-vp8: 9c59270c3fd7afecdb556c50c9e8de78 -> 
  custom:audio-decoder-ogg-vorbis: bf7c407c2cedff20999df2af8eb42d56 -> 
  custom:audio-encoder-webm-vorbis: bf7c407c2cedff20999df2af8eb42d56 -> 
========================================================================
Received Prepare
Registering precompiled user dll's ...
Registered in 0.004990 seconds.
Begin MonoManager ReloadAssembly
Symbol file LoadedFromMemory doesn't match image C:\Users\Alejandro\Downloads\AlienGame---Arboleda-main\Library\PackageCache\com.unity.visualscripting@1.6.1\Editor\VisualScripting.Core\Dependencies\YamlDotNet\Unity.VisualScripting.YamlDotNet.dll
Symbol file LoadedFromMemory doesn't match image C:\Users\Alejandro\Downloads\AlienGame---Arboleda-main\Library\PackageCache\com.unity.visualscripting@1.6.1\Editor\VisualScripting.Core\Dependencies\DotNetZip\Unity.VisualScripting.IonicZip.dll
Native extension for WindowsStandalone target not found
Native extension for WebGL target not found
Refreshing native plugins compatible for Editor in 0.67 ms, found 4 plugins.
Preloading 0 native plugins for Editor in 0.00 ms.
Mono: successfully reloaded assembly
- Completed reload, in  1.512 seconds
Domain Reload Profiling:
	ReloadAssembly (1512ms)
		BeginReloadAssembly (148ms)
			ExecutionOrderSort (0ms)
			DisableScriptedObjects (41ms)
			BackupInstance (0ms)
			ReleaseScriptingObjects (0ms)
			CreateAndSetChildDomain (37ms)
		EndReloadAssembly (1303ms)
			LoadAssemblies (89ms)
			RebuildTransferFunctionScriptingTraits (0ms)
			SetupTypeCache (736ms)
			ReleaseScriptCaches (1ms)
			RebuildScriptCaches (44ms)
			SetupLoadedEditorAssemblies (314ms)
				LogAssemblyErrors (0ms)
				InitializePlatformSupportModulesInManaged (5ms)
				SetLoadedEditorAssemblies (0ms)
				RefreshPlugins (1ms)
				BeforeProcessingInitializeOnLoad (63ms)
				ProcessInitializeOnLoadAttributes (229ms)
				ProcessInitializeOnLoadMethodAttributes (9ms)
				AfterProcessingInitializeOnLoad (6ms)
				EditorAssembliesLoaded (0ms)
			ExecutionOrderSort2 (0ms)
			AwakeInstancesAfterBackupRestoration (18ms)
Platform modules already initialized, skipping
Refreshing native plugins compatible for Editor in 2.04 ms, found 4 plugins.
Preloading 0 native plugins for Editor in 0.00 ms.
Unloading 3663 Unused Serialized files (Serialized files now loaded: 0)
System memory in use before: 160.3 MB.
System memory in use after: 160.5 MB.

Unloading 20 unused Assets to reduce memory usage. Loaded Objects now: 4765.
Total: 4.613200 ms (FindLiveObjects: 0.437500 ms CreateObjectMapping: 0.187300 ms MarkObjects: 3.945000 ms  DeleteObjects: 0.042200 ms)

AssetImportParameters requested are different than current active one (requested -> active):
  custom:framework-win-MediaFoundation: 216162199b28c13a410421893ffa2e32 -> 
  custom:video-decoder-ogg-theora: a1e56fd34408186e4bbccfd4996cb3dc -> 
  custom:container-muxer-webm: aa71ff27fc2769a1b78a27578f13a17b -> 
  custom:container-demuxer-webm: 4f35f7cbe854078d1ac9338744f61a02 -> 
  custom:container-demuxer-ogg: 62fdf1f143b41e24485cea50d1cbac27 -> 
  custom:video-encoder-webm-vp8: eb34c28f22e8b96e1ab97ce403110664 -> 
  custom:video-decoder-webm-vp8: 9c59270c3fd7afecdb556c50c9e8de78 -> 
  custom:audio-decoder-ogg-vorbis: bf7c407c2cedff20999df2af8eb42d56 -> 
  custom:audio-encoder-webm-vorbis: bf7c407c2cedff20999df2af8eb42d56 -> 
========================================================================
Received Prepare
Registering precompiled user dll's ...
Registered in 0.005789 seconds.
Begin MonoManager ReloadAssembly
Symbol file LoadedFromMemory doesn't match image C:\Users\Alejandro\Downloads\AlienGame---Arboleda-main\Library\PackageCache\com.unity.visualscripting@1.6.1\Editor\VisualScripting.Core\Dependencies\YamlDotNet\Unity.VisualScripting.YamlDotNet.dll
Symbol file LoadedFromMemory doesn't match image C:\Users\Alejandro\Downloads\AlienGame---Arboleda-main\Library\PackageCache\com.unity.visualscripting@1.6.1\Editor\VisualScripting.Core\Dependencies\DotNetZip\Unity.VisualScripting.IonicZip.dll
Native extension for WindowsStandalone target not found
Native extension for WebGL target not found
Refreshing native plugins compatible for Editor in 0.76 ms, found 4 plugins.
Preloading 0 native plugins for Editor in 0.00 ms.
Mono: successfully reloaded assembly
- Completed reload, in  1.173 seconds
Domain Reload Profiling:
	ReloadAssembly (1173ms)
		BeginReloadAssembly (114ms)
			ExecutionOrderSort (0ms)
			DisableScriptedObjects (10ms)
			BackupInstance (0ms)
			ReleaseScriptingObjects (0ms)
			CreateAndSetChildDomain (37ms)
		EndReloadAssembly (992ms)
			LoadAssemblies (90ms)
			RebuildTransferFunctionScriptingTraits (0ms)
			SetupTypeCache (397ms)
			ReleaseScriptCaches (2ms)
			RebuildScriptCaches (46ms)
			SetupLoadedEditorAssemblies (330ms)
				LogAssemblyErrors (0ms)
				InitializePlatformSupportModulesInManaged (5ms)
				SetLoadedEditorAssemblies (0ms)
				RefreshPlugins (1ms)
				BeforeProcessingInitializeOnLoad (66ms)
				ProcessInitializeOnLoadAttributes (241ms)
				ProcessInitializeOnLoadMethodAttributes (9ms)
				AfterProcessingInitializeOnLoad (7ms)
				EditorAssembliesLoaded (0ms)
			ExecutionOrderSort2 (0ms)
			AwakeInstancesAfterBackupRestoration (19ms)
Platform modules already initialized, skipping
Refreshing native plugins compatible for Editor in 0.75 ms, found 4 plugins.
Preloading 0 native plugins for Editor in 0.00 ms.
Unloading 3663 Unused Serialized files (Serialized files now loaded: 0)
System memory in use before: 160.3 MB.
System memory in use after: 160.5 MB.

Unloading 20 unused Assets to reduce memory usage. Loaded Objects now: 4769.
Total: 2.692700 ms (FindLiveObjects: 0.320700 ms CreateObjectMapping: 0.207900 ms MarkObjects: 2.145400 ms  DeleteObjects: 0.017700 ms)

AssetImportParameters requested are different than current active one (requested -> active):
  custom:framework-win-MediaFoundation: 216162199b28c13a410421893ffa2e32 -> 
  custom:video-decoder-ogg-theora: a1e56fd34408186e4bbccfd4996cb3dc -> 
  custom:container-muxer-webm: aa71ff27fc2769a1b78a27578f13a17b -> 
  custom:container-demuxer-webm: 4f35f7cbe854078d1ac9338744f61a02 -> 
  custom:container-demuxer-ogg: 62fdf1f143b41e24485cea50d1cbac27 -> 
  custom:video-encoder-webm-vp8: eb34c28f22e8b96e1ab97ce403110664 -> 
  custom:video-decoder-webm-vp8: 9c59270c3fd7afecdb556c50c9e8de78 -> 
  custom:audio-decoder-ogg-vorbis: bf7c407c2cedff20999df2af8eb42d56 -> 
  custom:audio-encoder-webm-vorbis: bf7c407c2cedff20999df2af8eb42d56 -> 
========================================================================
Received Prepare
Registering precompiled user dll's ...
Registered in 0.009108 seconds.
Begin MonoManager ReloadAssembly
Symbol file LoadedFromMemory doesn't match image C:\Users\Alejandro\Downloads\AlienGame---Arboleda-main\Library\PackageCache\com.unity.visualscripting@1.6.1\Editor\VisualScripting.Core\Dependencies\YamlDotNet\Unity.VisualScripting.YamlDotNet.dll
Symbol file LoadedFromMemory doesn't match image C:\Users\Alejandro\Downloads\AlienGame---Arboleda-main\Library\PackageCache\com.unity.visualscripting@1.6.1\Editor\VisualScripting.Core\Dependencies\DotNetZip\Unity.VisualScripting.IonicZip.dll
Native extension for WindowsStandalone target not found
Native extension for WebGL target not found
Refreshing native plugins compatible for Editor in 0.69 ms, found 4 plugins.
Preloading 0 native plugins for Editor in 0.00 ms.
Mono: successfully reloaded assembly
- Completed reload, in  1.171 seconds
Domain Reload Profiling:
	ReloadAssembly (1171ms)
		BeginReloadAssembly (140ms)
			ExecutionOrderSort (0ms)
			DisableScriptedObjects (10ms)
			BackupInstance (0ms)
			ReleaseScriptingObjects (0ms)
			CreateAndSetChildDomain (42ms)
		EndReloadAssembly (956ms)
			LoadAssemblies (104ms)
			RebuildTransferFunctionScriptingTraits (0ms)
			SetupTypeCache (391ms)
			ReleaseScriptCaches (1ms)
			RebuildScriptCaches (48ms)
			SetupLoadedEditorAssemblies (310ms)
				LogAssemblyErrors (0ms)
				InitializePlatformSupportModulesInManaged (6ms)
				SetLoadedEditorAssemblies (0ms)
				RefreshPlugins (1ms)
				BeforeProcessingInitializeOnLoad (62ms)
				ProcessInitializeOnLoadAttributes (227ms)
				ProcessInitializeOnLoadMethodAttributes (9ms)
				AfterProcessingInitializeOnLoad (6ms)
				EditorAssembliesLoaded (0ms)
			ExecutionOrderSort2 (0ms)
			AwakeInstancesAfterBackupRestoration (19ms)
Platform modules already initialized, skipping
Refreshing native plugins compatible for Editor in 0.94 ms, found 4 plugins.
Preloading 0 native plugins for Editor in 0.00 ms.
Unloading 3663 Unused Serialized files (Serialized files now loaded: 0)
System memory in use before: 160.3 MB.
System memory in use after: 160.5 MB.

Unloading 20 unused Assets to reduce memory usage. Loaded Objects now: 4773.
Total: 3.172400 ms (FindLiveObjects: 0.325700 ms CreateObjectMapping: 0.171800 ms MarkObjects: 2.653300 ms  DeleteObjects: 0.020900 ms)

AssetImportParameters requested are different than current active one (requested -> active):
  custom:framework-win-MediaFoundation: 216162199b28c13a410421893ffa2e32 -> 
  custom:video-decoder-ogg-theora: a1e56fd34408186e4bbccfd4996cb3dc -> 
  custom:container-muxer-webm: aa71ff27fc2769a1b78a27578f13a17b -> 
  custom:container-demuxer-webm: 4f35f7cbe854078d1ac9338744f61a02 -> 
  custom:container-demuxer-ogg: 62fdf1f143b41e24485cea50d1cbac27 -> 
  custom:video-encoder-webm-vp8: eb34c28f22e8b96e1ab97ce403110664 -> 
  custom:video-decoder-webm-vp8: 9c59270c3fd7afecdb556c50c9e8de78 -> 
  custom:audio-decoder-ogg-vorbis: bf7c407c2cedff20999df2af8eb42d56 -> 
  custom:audio-encoder-webm-vorbis: bf7c407c2cedff20999df2af8eb42d56 -> 
========================================================================
Received Prepare
Registering precompiled user dll's ...
Registered in 0.005286 seconds.
Begin MonoManager ReloadAssembly
Symbol file LoadedFromMemory doesn't match image C:\Users\Alejandro\Downloads\AlienGame---Arboleda-main\Library\PackageCache\com.unity.visualscripting@1.6.1\Editor\VisualScripting.Core\Dependencies\YamlDotNet\Unity.VisualScripting.YamlDotNet.dll
Symbol file LoadedFromMemory doesn't match image C:\Users\Alejandro\Downloads\AlienGame---Arboleda-main\Library\PackageCache\com.unity.visualscripting@1.6.1\Editor\VisualScripting.Core\Dependencies\DotNetZip\Unity.VisualScripting.IonicZip.dll
Native extension for WindowsStandalone target not found
Native extension for WebGL target not found
Refreshing native plugins compatible for Editor in 0.75 ms, found 4 plugins.
Preloading 0 native plugins for Editor in 0.00 ms.
Mono: successfully reloaded assembly
- Completed reload, in  1.150 seconds
Domain Reload Profiling:
	ReloadAssembly (1151ms)
		BeginReloadAssembly (116ms)
			ExecutionOrderSort (0ms)
			DisableScriptedObjects (11ms)
			BackupInstance (0ms)
			ReleaseScriptingObjects (0ms)
			CreateAndSetChildDomain (38ms)
		EndReloadAssembly (972ms)
			LoadAssemblies (91ms)
			RebuildTransferFunctionScriptingTraits (0ms)
			SetupTypeCache (381ms)
			ReleaseScriptCaches (1ms)
			RebuildScriptCaches (44ms)
			SetupLoadedEditorAssemblies (330ms)
				LogAssemblyErrors (0ms)
				InitializePlatformSupportModulesInManaged (5ms)
				SetLoadedEditorAssemblies (0ms)
				RefreshPlugins (1ms)
				BeforeProcessingInitializeOnLoad (61ms)
				ProcessInitializeOnLoadAttributes (244ms)
				ProcessInitializeOnLoadMethodAttributes (12ms)
				AfterProcessingInitializeOnLoad (6ms)
				EditorAssembliesLoaded (0ms)
			ExecutionOrderSort2 (0ms)
			AwakeInstancesAfterBackupRestoration (19ms)
Platform modules already initialized, skipping
Refreshing native plugins compatible for Editor in 1.28 ms, found 4 plugins.
Preloading 0 native plugins for Editor in 0.00 ms.
Unloading 3663 Unused Serialized files (Serialized files now loaded: 0)
System memory in use before: 160.3 MB.
System memory in use after: 160.6 MB.

Unloading 20 unused Assets to reduce memory usage. Loaded Objects now: 4777.
Total: 3.062400 ms (FindLiveObjects: 0.506200 ms CreateObjectMapping: 0.277200 ms MarkObjects: 2.254100 ms  DeleteObjects: 0.024000 ms)

AssetImportParameters requested are different than current active one (requested -> active):
  custom:framework-win-MediaFoundation: 216162199b28c13a410421893ffa2e32 -> 
  custom:video-decoder-ogg-theora: a1e56fd34408186e4bbccfd4996cb3dc -> 
  custom:container-muxer-webm: aa71ff27fc2769a1b78a27578f13a17b -> 
  custom:container-demuxer-webm: 4f35f7cbe854078d1ac9338744f61a02 -> 
  custom:container-demuxer-ogg: 62fdf1f143b41e24485cea50d1cbac27 -> 
  custom:video-encoder-webm-vp8: eb34c28f22e8b96e1ab97ce403110664 -> 
  custom:video-decoder-webm-vp8: 9c59270c3fd7afecdb556c50c9e8de78 -> 
  custom:audio-decoder-ogg-vorbis: bf7c407c2cedff20999df2af8eb42d56 -> 
  custom:audio-encoder-webm-vorbis: bf7c407c2cedff20999df2af8eb42d56 -> 
========================================================================
Received Prepare
Registering precompiled user dll's ...
Registered in 0.006613 seconds.
Begin MonoManager ReloadAssembly
Symbol file LoadedFromMemory doesn't match image C:\Users\Alejandro\Downloads\AlienGame---Arboleda-main\Library\PackageCache\com.unity.visualscripting@1.6.1\Editor\VisualScripting.Core\Dependencies\YamlDotNet\Unity.VisualScripting.YamlDotNet.dll
Symbol file LoadedFromMemory doesn't match image C:\Users\Alejandro\Downloads\AlienGame---Arboleda-main\Library\PackageCache\com.unity.visualscripting@1.6.1\Editor\VisualScripting.Core\Dependencies\DotNetZip\Unity.VisualScripting.IonicZip.dll
Native extension for WindowsStandalone target not found
Native extension for WebGL target not found
Refreshing native plugins compatible for Editor in 0.69 ms, found 4 plugins.
Preloading 0 native plugins for Editor in 0.00 ms.
Mono: successfully reloaded assembly
- Completed reload, in  1.163 seconds
Domain Reload Profiling:
	ReloadAssembly (1163ms)
		BeginReloadAssembly (140ms)
			ExecutionOrderSort (0ms)
			DisableScriptedObjects (11ms)
			BackupInstance (0ms)
			ReleaseScriptingObjects (0ms)
			CreateAndSetChildDomain (40ms)
		EndReloadAssembly (958ms)
			LoadAssemblies (116ms)
			RebuildTransferFunctionScriptingTraits (0ms)
			SetupTypeCache (366ms)
			ReleaseScriptCaches (1ms)
			RebuildScriptCaches (44ms)
			SetupLoadedEditorAssemblies (321ms)
				LogAssemblyErrors (0ms)
				InitializePlatformSupportModulesInManaged (5ms)
				SetLoadedEditorAssemblies (0ms)
				RefreshPlugins (1ms)
				BeforeProcessingInitializeOnLoad (63ms)
				ProcessInitializeOnLoadAttributes (236ms)
				ProcessInitializeOnLoadMethodAttributes (9ms)
				AfterProcessingInitializeOnLoad (6ms)
				EditorAssembliesLoaded (0ms)
			ExecutionOrderSort2 (0ms)
			AwakeInstancesAfterBackupRestoration (20ms)
Platform modules already initialized, skipping
Refreshing native plugins compatible for Editor in 0.87 ms, found 4 plugins.
Preloading 0 native plugins for Editor in 0.00 ms.
Unloading 3663 Unused Serialized files (Serialized files now loaded: 0)
System memory in use before: 160.3 MB.
System memory in use after: 160.6 MB.

Unloading 20 unused Assets to reduce memory usage. Loaded Objects now: 4781.
Total: 6.106300 ms (FindLiveObjects: 1.669200 ms CreateObjectMapping: 0.396000 ms MarkObjects: 3.984400 ms  DeleteObjects: 0.054700 ms)

AssetImportParameters requested are different than current active one (requested -> active):
  custom:framework-win-MediaFoundation: 216162199b28c13a410421893ffa2e32 -> 
  custom:video-decoder-ogg-theora: a1e56fd34408186e4bbccfd4996cb3dc -> 
  custom:container-muxer-webm: aa71ff27fc2769a1b78a27578f13a17b -> 
  custom:container-demuxer-webm: 4f35f7cbe854078d1ac9338744f61a02 -> 
  custom:container-demuxer-ogg: 62fdf1f143b41e24485cea50d1cbac27 -> 
  custom:video-encoder-webm-vp8: eb34c28f22e8b96e1ab97ce403110664 -> 
  custom:video-decoder-webm-vp8: 9c59270c3fd7afecdb556c50c9e8de78 -> 
  custom:audio-decoder-ogg-vorbis: bf7c407c2cedff20999df2af8eb42d56 -> 
  custom:audio-encoder-webm-vorbis: bf7c407c2cedff20999df2af8eb42d56 -> 
========================================================================
Received Import Request.
  Time since last request: 1584.038259 seconds.
  path: Assets/Scenes/game.unity
  artifactKey: Guid(2cda990e2423bbf4892e6590ba056729) Importer(815301076,1909f56bfc062723c751e8b465ee728b)
Start importing Assets/Scenes/game.unity using Guid(2cda990e2423bbf4892e6590ba056729) Importer(815301076,1909f56bfc062723c751e8b465ee728b)  -> (artifact id: '47b7e94d6777104428d0f9d8c1d48295') in 0.057863 seconds 
========================================================================
Received Prepare
Registering precompiled user dll's ...
Registered in 0.007268 seconds.
Begin MonoManager ReloadAssembly
Symbol file LoadedFromMemory doesn't match image C:\Users\Alejandro\Downloads\AlienGame---Arboleda-main\Library\PackageCache\com.unity.visualscripting@1.6.1\Editor\VisualScripting.Core\Dependencies\YamlDotNet\Unity.VisualScripting.YamlDotNet.dll
Symbol file LoadedFromMemory doesn't match image C:\Users\Alejandro\Downloads\AlienGame---Arboleda-main\Library\PackageCache\com.unity.visualscripting@1.6.1\Editor\VisualScripting.Core\Dependencies\DotNetZip\Unity.VisualScripting.IonicZip.dll
Native extension for WindowsStandalone target not found
Native extension for WebGL target not found
Refreshing native plugins compatible for Editor in 0.70 ms, found 4 plugins.
Preloading 0 native plugins for Editor in 0.00 ms.
Mono: successfully reloaded assembly
- Completed reload, in  1.139 seconds
Domain Reload Profiling:
	ReloadAssembly (1139ms)
		BeginReloadAssembly (116ms)
			ExecutionOrderSort (0ms)
			DisableScriptedObjects (10ms)
			BackupInstance (0ms)
			ReleaseScriptingObjects (0ms)
			CreateAndSetChildDomain (36ms)
		EndReloadAssembly (966ms)
			LoadAssemblies (84ms)
			RebuildTransferFunctionScriptingTraits (0ms)
			SetupTypeCache (330ms)
			ReleaseScriptCaches (1ms)
			RebuildScriptCaches (41ms)
			SetupLoadedEditorAssemblies (294ms)
				LogAssemblyErrors (0ms)
				InitializePlatformSupportModulesInManaged (5ms)
				SetLoadedEditorAssemblies (0ms)
				RefreshPlugins (1ms)
				BeforeProcessingInitializeOnLoad (60ms)
				ProcessInitializeOnLoadAttributes (214ms)
				ProcessInitializeOnLoadMethodAttributes (7ms)
				AfterProcessingInitializeOnLoad (6ms)
				EditorAssembliesLoaded (0ms)
			ExecutionOrderSort2 (0ms)
			AwakeInstancesAfterBackupRestoration (18ms)
Platform modules already initialized, skipping
Refreshing native plugins compatible for Editor in 0.81 ms, found 4 plugins.
Preloading 0 native plugins for Editor in 0.00 ms.
Unloading 3663 Unused Serialized files (Serialized files now loaded: 0)
System memory in use before: 160.4 MB.
System memory in use after: 160.7 MB.

Unloading 20 unused Assets to reduce memory usage. Loaded Objects now: 4785.
Total: 3.105000 ms (FindLiveObjects: 0.318900 ms CreateObjectMapping: 0.134300 ms MarkObjects: 2.632800 ms  DeleteObjects: 0.018100 ms)

AssetImportParameters requested are different than current active one (requested -> active):
  custom:framework-win-MediaFoundation: 216162199b28c13a410421893ffa2e32 -> 
  custom:video-decoder-ogg-theora: a1e56fd34408186e4bbccfd4996cb3dc -> 
  custom:container-muxer-webm: aa71ff27fc2769a1b78a27578f13a17b -> 
  custom:container-demuxer-webm: 4f35f7cbe854078d1ac9338744f61a02 -> 
  custom:container-demuxer-ogg: 62fdf1f143b41e24485cea50d1cbac27 -> 
  custom:video-encoder-webm-vp8: eb34c28f22e8b96e1ab97ce403110664 -> 
  custom:video-decoder-webm-vp8: 9c59270c3fd7afecdb556c50c9e8de78 -> 
  custom:audio-decoder-ogg-vorbis: bf7c407c2cedff20999df2af8eb42d56 -> 
  custom:audio-encoder-webm-vorbis: bf7c407c2cedff20999df2af8eb42d56 -> 
========================================================================
Received Import Request.
  Time since last request: 108.432675 seconds.
  path: Assets/Scenes/game lvl 2.unity
  artifactKey: Guid(0d902abe112159548aa07a4730e81915) Importer(815301076,1909f56bfc062723c751e8b465ee728b)
Start importing Assets/Scenes/game lvl 2.unity using Guid(0d902abe112159548aa07a4730e81915) Importer(815301076,1909f56bfc062723c751e8b465ee728b)  -> (artifact id: '0d497362b5d7ff4a6b69ef351039f41b') in 0.167528 seconds 
